<?xml version="1.0" encoding="UTF-8"?>
<!-- Generated by org.testng.reporters.JUnitReportReporter -->
<testsuite hostname="ChrisManning-MacBook-Pro.local" name="com.balfour.sb4.unittests.genericTest001" tests="1" failures="0" timestamp="19 Nov 2015 15:58:44 GMT" time="7.091" errors="0">
  <testcase name="ocoTest003" time="7.091" classname="com.balfour.sb4.unittests.genericTest001"/>
</testsuite> <!-- com.balfour.sb4.unittests.genericTest001 -->
