<?xml version="1.0" encoding="UTF-8"?>
<!-- Generated by org.testng.reporters.JUnitReportReporter -->
<testsuite hostname="d-cmanning-mbp.local" name="com.balfour.sb4.unittests.fake_User_Test2" tests="1" failures="0" timestamp="8 Sep 2015 14:13:52 GMT" time="101.349" errors="0">
  <testcase name="fakeUserTest001" time="101.349" classname="com.balfour.sb4.unittests.fake_User_Test2"/>
</testsuite> <!-- com.balfour.sb4.unittests.fake_User_Test2 -->
