<?xml version="1.0" encoding="UTF-8"?>
<!-- Generated by org.testng.reporters.JUnitReportReporter -->
<testsuite hostname="A-MACBOOKPRO-1.local" name="com.balfour.sb4.unittests.RequestPwordEmail_Test" tests="2" failures="0" timestamp="20 Feb 2015 13:56:59 GMT" time="18.247" errors="0">
  <testcase name="requestPwordBadEmail_Test" time="8.100" classname="com.balfour.sb4.unittests.RequestPwordEmail_Test"/>
  <testcase name="requestPwordEmail_Test" time="10.147" classname="com.balfour.sb4.unittests.RequestPwordEmail_Test"/>
</testsuite> <!-- com.balfour.sb4.unittests.RequestPwordEmail_Test -->
