<?xml version="1.0" encoding="UTF-8"?>
<!-- Generated by org.testng.reporters.JUnitReportReporter -->
<testsuite hostname="A-MACBOOKPRO-1.local" name="com.balfour.sb4.unittests.OnCampusOrders_Test" tests="1" failures="0" timestamp="13 Jul 2015 19:59:40 GMT" time="50.913" errors="0">
  <testcase name="onCampusTest003" time="50.913" classname="com.balfour.sb4.unittests.OnCampusOrders_Test"/>
</testsuite> <!-- com.balfour.sb4.unittests.OnCampusOrders_Test -->
