<?xml version="1.0" encoding="UTF-8"?>
<!-- Generated by org.testng.reporters.JUnitReportReporter -->
<testsuite hostname="A-MACBOOKPRO-1.local" name="com.balfour.sb4.unittests.OCO_Test" tests="1" failures="0" timestamp="11 Feb 2015 16:21:34 GMT" time="11.967" errors="0">
  <testcase name="supplies_test001" time="11.967" classname="com.balfour.sb4.unittests.OCO_Test"/>
</testsuite> <!-- com.balfour.sb4.unittests.OCO_Test -->
