<?xml version="1.0" encoding="UTF-8"?>
<!-- Generated by org.testng.reporters.JUnitReportReporter -->
<testsuite hostname="A-MACBOOKPRO-1.local" name="com.balfour.sb4.unittests.MyYear_Test" tests="1" failures="0" timestamp="16 Jun 2015 19:43:27 GMT" time="51.795" errors="0">
  <testcase name="MyYearTest001" time="51.795" classname="com.balfour.sb4.unittests.MyYear_Test"/>
</testsuite> <!-- com.balfour.sb4.unittests.MyYear_Test -->
