<?xml version="1.0" encoding="UTF-8"?>
<!-- Generated by org.testng.reporters.JUnitReportReporter -->
<testsuite hostname="d-cmanning-mbp.local" name="com.balfour.sb4.unittests.genericTest001" tests="1" failures="0" timestamp="18 Sep 2015 14:03:42 GMT" time="31.686" errors="0">
  <testcase name="logInTest001" time="31.686" classname="com.balfour.sb4.unittests.genericTest001"/>
</testsuite> <!-- com.balfour.sb4.unittests.genericTest001 -->
