<?xml version="1.0" encoding="UTF-8"?>
<!-- Generated by org.testng.reporters.JUnitReportReporter -->
<testsuite hostname="A-MACBOOKPRO-1.local" name="com.balfour.sb4.unittests.ProjectView_Test" tests="1" failures="0" timestamp="17 Jun 2015 13:45:25 GMT" time="46.670" errors="0">
  <testcase name="SchoolViewTest003" time="46.670" classname="com.balfour.sb4.unittests.ProjectView_Test"/>
</testsuite> <!-- com.balfour.sb4.unittests.ProjectView_Test -->
