<?xml version="1.0" encoding="UTF-8"?>
<!-- Generated by org.testng.reporters.JUnitReportReporter -->
<testsuite hostname="d-cmanning-mbp.local" name="com.balfour.sb4.unittests.fizzbuzz" tests="1" failures="0" timestamp="2 Nov 2015 14:51:48 GMT" time="0.009" errors="0">
  <testcase name="fizzbuzztest" time="0.009" classname="com.balfour.sb4.unittests.fizzbuzz"/>
</testsuite> <!-- com.balfour.sb4.unittests.fizzbuzz -->
