<?xml version="1.0" encoding="UTF-8"?>
<!-- Generated by org.testng.reporters.JUnitReportReporter -->
<testsuite hostname="A-MACBOOKPRO-1.local" name="com.balfour.sb4.unittests.SiteSearch_Test" tests="1" failures="0" timestamp="11 May 2015 12:18:36 GMT" time="16.336" errors="0">
  <testcase name="projSwitch002" time="16.336" classname="com.balfour.sb4.unittests.SiteSearch_Test"/>
</testsuite> <!-- com.balfour.sb4.unittests.SiteSearch_Test -->
