<?xml version="1.0" encoding="UTF-8"?>
<!-- Generated by org.testng.reporters.JUnitReportReporter -->
<testsuite hostname="A-MACBOOKPRO-1.local" name="com.balfour.sb4.unittests.YbSuppliesTest" tests="1" failures="0" timestamp="17 Sep 2014 12:20:07 GMT" time="20.024" errors="0">
  <testcase name="ybsuppliestest2" time="20.024" classname="com.balfour.sb4.unittests.YbSuppliesTest"/>
</testsuite> <!-- com.balfour.sb4.unittests.YbSuppliesTest -->
