<?xml version="1.0" encoding="UTF-8"?>
<!-- Generated by org.testng.reporters.JUnitReportReporter -->
<testsuite hostname="ChrisManning-MacBook-Pro.local" name="com.scienergy.spec.unittests.genericTest001" tests="1" failures="0" timestamp="25 Nov 2015 13:13:39 GMT" time="33.651" errors="0">
  <testcase name="specTest002" time="33.651" classname="com.scienergy.spec.unittests.genericTest001"/>
</testsuite> <!-- com.scienergy.spec.unittests.genericTest001 -->
