<?xml version="1.0" encoding="UTF-8"?>
<!-- Generated by org.testng.reporters.JUnitReportReporter -->
<testsuite hostname="ChrisManning-MacBook-Pro.local" name="com.balfour.sb4.unittests.genericTest001" tests="1" failures="0" timestamp="21 Nov 2015 18:14:50 GMT" time="26.352" errors="0">
  <testcase name="loginTest001" time="26.352" classname="com.balfour.sb4.unittests.genericTest001"/>
</testsuite> <!-- com.balfour.sb4.unittests.genericTest001 -->
