<?xml version="1.0" encoding="UTF-8"?>
<!-- Generated by org.testng.reporters.JUnitReportReporter -->
<testsuite hostname="d-cmanning-mbp.local" name="com.balfour.sb4.unittests.Proj_User_Test3" tests="1" failures="0" timestamp="10 Sep 2015 17:07:19 GMT" time="63.187" errors="0">
  <testcase name="projectUserTest002" time="63.187" classname="com.balfour.sb4.unittests.Proj_User_Test3"/>
</testsuite> <!-- com.balfour.sb4.unittests.Proj_User_Test3 -->
