<?xml version="1.0" encoding="UTF-8"?>
<!-- Generated by org.testng.reporters.JUnitReportReporter -->
<testsuite hostname="d-cmanning-mbp.local" name="com.balfour.sb4.unittests.genericTest001" tests="1" failures="0" timestamp="15 Oct 2015 19:54:47 GMT" time="249.806" errors="0">
  <testcase name="ocoTest004" time="249.806" classname="com.balfour.sb4.unittests.genericTest001"/>
</testsuite> <!-- com.balfour.sb4.unittests.genericTest001 -->
