<?xml version="1.0" encoding="UTF-8"?>
<!-- Generated by org.testng.reporters.JUnitReportReporter -->
<testsuite hostname="A-MACBOOKPRO-1.local" name="com.balfour.sb4.unittests.SchoolView_Test" tests="1" failures="0" timestamp="10 Jun 2015 15:44:29 GMT" time="28.735" errors="0">
  <testcase name="SchoolViewTest003" time="28.735" classname="com.balfour.sb4.unittests.SchoolView_Test"/>
</testsuite> <!-- com.balfour.sb4.unittests.SchoolView_Test -->
