<?xml version="1.0" encoding="UTF-8"?>
<!-- Generated by org.testng.reporters.JUnitReportReporter -->
<testsuite hostname="d-cmanning-mbp.local" name="com.balfour.sb4.unittests.genericTest001" tests="1" failures="0" timestamp="6 Oct 2015 12:38:13 GMT" time="112.929" errors="0">
  <testcase name="ocoTest001" time="112.929" classname="com.balfour.sb4.unittests.genericTest001"/>
</testsuite> <!-- com.balfour.sb4.unittests.genericTest001 -->
