<?xml version="1.0" encoding="UTF-8"?>
<!-- Generated by org.testng.reporters.JUnitReportReporter -->
<testsuite hostname="A-MACBOOKPRO-1.local" name="com.balfour.sb4.unittests.string_Test" tests="1" failures="0" timestamp="24 Mar 2015 15:10:25 GMT" time="0.016" errors="0">
  <testcase name="stringTest001" time="0.016" classname="com.balfour.sb4.unittests.string_Test"/>
</testsuite> <!-- com.balfour.sb4.unittests.string_Test -->
