<?xml version="1.0" encoding="UTF-8"?>
<!-- Generated by org.testng.reporters.JUnitReportReporter -->
<testsuite hostname="A-MACBOOKPRO-1.local" name="com.balfour.sb4.unittests.NewTest" tests="1" failures="0" timestamp="28 Aug 2014 18:19:33 GMT" time="22.541" errors="0">
  <testcase name="f" time="22.541" classname="com.balfour.sb4.unittests.NewTest"/>
</testsuite> <!-- com.balfour.sb4.unittests.NewTest -->
