<?xml version="1.0" encoding="UTF-8"?>
<!-- Generated by org.testng.reporters.JUnitReportReporter -->
<testsuite hostname="A-MACBOOKPRO-1.local" name="com.balfour.sb4.unittests.Profile_Test" tests="1" failures="0" timestamp="5 May 2015 17:15:26 GMT" time="167.150" errors="0">
  <testcase name="profileTest001" time="167.150" classname="com.balfour.sb4.unittests.Profile_Test"/>
</testsuite> <!-- com.balfour.sb4.unittests.Profile_Test -->
