<?xml version="1.0" encoding="UTF-8"?>
<!-- Generated by org.testng.reporters.JUnitReportReporter -->
<testsuite hostname="ChrisManning-MacBook-Pro.local" name="com.scienergy.spec.unittests.genericTest001" tests="1" failures="0" timestamp="24 Nov 2015 16:27:00 GMT" time="59.260" errors="0">
  <testcase name="loginTest001" time="59.260" classname="com.scienergy.spec.unittests.genericTest001"/>
</testsuite> <!-- com.scienergy.spec.unittests.genericTest001 -->
