<?xml version="1.0" encoding="UTF-8"?>
<!-- Generated by org.testng.reporters.JUnitReportReporter -->
<testsuite hostname="A-MACBOOKPRO-1.local" name="com.balfour.sb4.unittests.Supplies_Test" tests="1" failures="0" timestamp="18 May 2015 18:05:34 GMT" time="35.141" errors="0">
  <testcase name="supplies_test001" time="35.141" classname="com.balfour.sb4.unittests.Supplies_Test"/>
</testsuite> <!-- com.balfour.sb4.unittests.Supplies_Test -->
