<?xml version="1.0" encoding="UTF-8"?>
<!-- Generated by org.testng.reporters.JUnitReportReporter -->
<testsuite hostname="ChrisManning-MacBook-Pro.local" name="com.balfour.sb4.unittests.genericTest001" tests="1" failures="0" timestamp="20 Nov 2015 21:02:29 GMT" time="24.253" errors="0">
  <testcase name="loginTest001" time="24.253" classname="com.balfour.sb4.unittests.genericTest001"/>
</testsuite> <!-- com.balfour.sb4.unittests.genericTest001 -->
