<?xml version="1.0" encoding="UTF-8"?>
<!-- Generated by org.testng.reporters.JUnitReportReporter -->
<testsuite hostname="A-MACBOOKPRO-1.local" name="com.balfour.sb4.unittests.SchoolConfig_Test" tests="2" failures="0" timestamp="4 May 2015 15:55:22 GMT" time="136.129" errors="0">
  <testcase name="schoolConfig_Test002" time="21.351" classname="com.balfour.sb4.unittests.SchoolConfig_Test"/>
  <testcase name="schoolConfig_Test001" time="114.778" classname="com.balfour.sb4.unittests.SchoolConfig_Test"/>
</testsuite> <!-- com.balfour.sb4.unittests.SchoolConfig_Test -->
