<?xml version="1.0" encoding="UTF-8"?>
<!-- Generated by org.testng.reporters.JUnitReportReporter -->
<testsuite hostname="A-MACBOOKPRO-1.local" name="com.balfour.sb4.unittests.SchoolView_Test002" tests="1" failures="0" timestamp="26 Jun 2015 14:42:33 GMT" time="56.223" errors="0">
  <testcase name="SchoolViewTest003" time="56.223" classname="com.balfour.sb4.unittests.SchoolView_Test002"/>
</testsuite> <!-- com.balfour.sb4.unittests.SchoolView_Test002 -->
