<?xml version="1.0" encoding="UTF-8"?>
<!-- Generated by org.testng.reporters.JUnitReportReporter -->
<testsuite hostname="A-MACBOOKPRO-1.local" name="com.balfour.sb4.unittests.Login_Test" tests="1" failures="0" timestamp="11 Jun 2015 18:02:48 GMT" time="13.065" errors="0">
  <testcase name="f" time="13.065" classname="com.balfour.sb4.unittests.Login_Test"/>
</testsuite> <!-- com.balfour.sb4.unittests.Login_Test -->
