<?xml version="1.0" encoding="UTF-8"?>
<!-- Generated by org.testng.reporters.JUnitReportReporter -->
<testsuite hostname="ChrisManning-MacBook-Pro.local" name="com.scienergy.spec.unittests.genericTest001" tests="1" failures="0" timestamp="24 Nov 2015 20:59:15 GMT" time="50.394" errors="0">
  <testcase name="loginTest001" time="50.394" classname="com.scienergy.spec.unittests.genericTest001"/>
</testsuite> <!-- com.scienergy.spec.unittests.genericTest001 -->
