<?xml version="1.0" encoding="UTF-8"?>
<!-- Generated by org.testng.reporters.JUnitReportReporter -->
<testsuite hostname="A-MACBOOKPRO-1.local" name="com.balfour.sb4.unittests.SchoolList_Test" tests="1" failures="0" timestamp="6 May 2015 18:48:36 GMT" time="48.445" errors="0">
  <testcase name="schoolList_Test004" time="48.445" classname="com.balfour.sb4.unittests.SchoolList_Test"/>
</testsuite> <!-- com.balfour.sb4.unittests.SchoolList_Test -->
