<?xml version="1.0" encoding="UTF-8"?>
<!-- Generated by org.testng.reporters.JUnitReportReporter -->
<testsuite hostname="A-MACBOOKPRO-1.local" name="com.balfour.sb4.unittests.ProjectConfig_Test" tests="1" failures="0" timestamp="30 Apr 2015 01:10:09 GMT" time="116.625" errors="0">
  <testcase name="projectConfigTest001" time="116.625" classname="com.balfour.sb4.unittests.ProjectConfig_Test"/>
</testsuite> <!-- com.balfour.sb4.unittests.ProjectConfig_Test -->
