<?xml version="1.0" encoding="UTF-8"?>
<!-- Generated by org.testng.reporters.JUnitReportReporter -->
<testsuite hostname="d-cmanning-mbp.local" name="com.balfour.sb4.unittests.genericTest001" tests="1" failures="0" timestamp="14 Oct 2015 18:29:39 GMT" time="165.403" errors="0">
  <testcase name="ocoTest003" time="165.403" classname="com.balfour.sb4.unittests.genericTest001"/>
</testsuite> <!-- com.balfour.sb4.unittests.genericTest001 -->
