<?xml version="1.0" encoding="UTF-8"?>
<!-- Generated by org.testng.reporters.JUnitReportReporter -->
<testsuite hostname="A-MACBOOKPRO-1.local" name="com.balfour.sb4.unittests.ProjectList_Test" tests="2" failures="0" timestamp="15 May 2015 14:02:45 GMT" time="80.666" errors="0">
  <testcase name="schoolList_Test002" time="40.441" classname="com.balfour.sb4.unittests.ProjectList_Test"/>
  <testcase name="schoolList_Test001" time="40.225" classname="com.balfour.sb4.unittests.ProjectList_Test"/>
</testsuite> <!-- com.balfour.sb4.unittests.ProjectList_Test -->
