<?xml version="1.0" encoding="UTF-8"?>
<!-- Generated by org.testng.reporters.JUnitReportReporter -->
<testsuite hostname="A-MACBOOKPRO-1.local" name="com.balfour.sb4.unittests.rest_Test" tests="1" failures="0" timestamp="25 Mar 2015 13:29:38 GMT" time="1.707" errors="0">
  <testcase name="stringTest001" time="1.707" classname="com.balfour.sb4.unittests.rest_Test"/>
</testsuite> <!-- com.balfour.sb4.unittests.rest_Test -->
