<?xml version="1.0" encoding="UTF-8"?>
<!-- Generated by org.testng.reporters.JUnitReportReporter -->
<testsuite hostname="A-MACBOOKPRO-1.local" name="com.balfour.sb4.unittests.SalesDetailTest" tests="1" failures="0" timestamp="17 Sep 2014 12:19:04 GMT" time="8.810" errors="0">
  <testcase name="salesDetailLink" time="8.810" classname="com.balfour.sb4.unittests.SalesDetailTest"/>
</testsuite> <!-- com.balfour.sb4.unittests.SalesDetailTest -->
