<?xml version="1.0" encoding="UTF-8"?>
<!-- Generated by org.testng.reporters.JUnitReportReporter -->
<testsuite hostname="ChrisManning-MacBook-Pro.local" name="com.scienergy.spec.unittests.genericTest001" tests="1" failures="0" timestamp="2 Dec 2015 15:57:01 GMT" time="20.816" errors="0">
  <testcase name="commentTest001" time="20.816" classname="com.scienergy.spec.unittests.genericTest001"/>
</testsuite> <!-- com.scienergy.spec.unittests.genericTest001 -->
