<?xml version="1.0" encoding="UTF-8"?>
<!-- Generated by org.testng.reporters.JUnitReportReporter -->
<testsuite hostname="A-MACBOOKPRO-1.local" name="com.balfour.sb4.unittests.UserReg_Test" tests="1" failures="0" timestamp="3 Aug 2015 19:59:46 GMT" time="44.492" errors="0">
  <testcase name="userAdminTest002" time="44.492" classname="com.balfour.sb4.unittests.UserReg_Test"/>
</testsuite> <!-- com.balfour.sb4.unittests.UserReg_Test -->
