<?xml version="1.0" encoding="UTF-8"?>
<!-- Generated by org.testng.reporters.JUnitReportReporter -->
<testsuite hostname="A-MACBOOKPRO-1.local" name="BingTest" tests="1" failures="0" timestamp="7 Aug 2014 18:00:53 GMT" time="1.773" errors="0">
  <testcase name="FirstBingTest" time="1.773" classname="BingTest"/>
</testsuite> <!-- BingTest -->
