<?xml version="1.0" encoding="UTF-8"?>
<!-- Generated by org.testng.reporters.JUnitReportReporter -->
<testsuite hostname="daln-mgmt-npm01.cbi-inet.com" name="com.balfour.sb4.unittests.string_Test" tests="1" failures="0" timestamp="5 Mar 2015 16:50:44 GMT" time="1.502" errors="0">
  <testcase name="userRegTest001" time="1.502" classname="com.balfour.sb4.unittests.string_Test"/>
</testsuite>
